<?xml version="1.0" encoding="UTF-8"?>
<!-- Generated by org.testng.reporters.JUnitXMLReporter -->
<testsuite ignored="0" hostname="DESKTOP-SSS5PN9" failures="0" tests="3" name="Test" time="27.823" errors="0" timestamp="2023-07-28T08:43:15 CEST">
  <testcase classname="testCases.TC_002_LoginDataDrivenTest" name="test_LoginDDT" time="6.638"/>
  <testcase classname="testCases.TC_002_LoginDataDrivenTest" name="test_LoginDDT" time="6.819"/>
  <testcase classname="testCases.TC_002_LoginDataDrivenTest" name="test_LoginDDT" time="6.95"/>
</testsuite> <!-- Test -->
