<?xml version="1.0" encoding="UTF-8"?>
<testng-results ignored="0" total="3" passed="3" failed="0" skipped="0">
  <reporter-output>
  </reporter-output>
  <suite started-at="2023-07-28T08:42:47 CEST" name="Suite" finished-at="2023-07-28T08:43:15 CEST" duration-ms="27823">
    <groups>
    </groups>
    <test started-at="2023-07-28T08:42:47 CEST" name="Test" finished-at="2023-07-28T08:43:15 CEST" duration-ms="27823">
      <class name="testCases.TC_002_LoginDataDrivenTest">
        <test-method is-config="true" signature="setup()[pri:0, instance:testCases.TC_002_LoginDataDrivenTest@53fb3dab]" started-at="2023-07-28T08:42:48 CEST" name="setup" finished-at="2023-07-28T08:42:52 CEST" duration-ms="3834" status="PASS">
          <reporter-output>
          </reporter-output>
        </test-method> <!-- setup -->
        <test-method signature="test_LoginDDT(java.lang.String,java.lang.String,java.lang.String,java.lang.String,java.lang.String,java.lang.String,java.lang.String,java.lang.String,java.lang.String,java.lang.String,java.lang.String,java.lang.String,java.lang.String,java.lang.String,java.lang.String,java.lang.String)[pri:0, instance:testCases.TC_002_LoginDataDrivenTest@53fb3dab]" started-at="2023-07-28T08:42:55 CEST" name="test_LoginDDT" data-provider="LoginData" finished-at="2023-07-28T08:43:01 CEST" duration-ms="6638" status="PASS">
          <params>
            <param index="0">
              <value>
                <![CDATA[navaz]]>
              </value>
            </param>
            <param index="1">
              <value>
                <![CDATA[salanke]]>
              </value>
            </param>
            <param index="2">
              <value>
                <![CDATA[+4591999758]]>
              </value>
            </param>
            <param index="3">
              <value>
                <![CDATA[2342354836]]>
              </value>
            </param>
            <param index="4">
              <value>
                <![CDATA[shwethagk34@gmail.com]]>
              </value>
            </param>
            <param index="5">
              <value>
                <![CDATA[Inactive]]>
              </value>
            </param>
            <param index="6">
              <value>
                <![CDATA[maharastra,channanagar,65th building]]>
              </value>
            </param>
            <param index="7">
              <value>
                <![CDATA[sohlapur]]>
              </value>
            </param>
            <param index="8">
              <value>
                <![CDATA[1234567]]>
              </value>
            </param>
            <param index="9">
              <value>
                <![CDATA[Karnataka]]>
              </value>
            </param>
            <param index="10">
              <value>
                <![CDATA[India]]>
              </value>
            </param>
            <param index="11">
              <value>
                <![CDATA[vininayyyy]]>
              </value>
            </param>
            <param index="12">
              <value>
                <![CDATA[raipuri]]>
              </value>
            </param>
            <param index="13">
              <value>
                <![CDATA[+4591999758]]>
              </value>
            </param>
            <param index="14">
              <value>
                <![CDATA[shwethagk34@gmail.com]]>
              </value>
            </param>
            <param index="15">
              <value>
                <![CDATA[AUT_01]]>
              </value>
            </param>
          </params>
          <reporter-output>
          </reporter-output>
        </test-method> <!-- test_LoginDDT -->
        <test-method signature="test_LoginDDT(java.lang.String,java.lang.String,java.lang.String,java.lang.String,java.lang.String,java.lang.String,java.lang.String,java.lang.String,java.lang.String,java.lang.String,java.lang.String,java.lang.String,java.lang.String,java.lang.String,java.lang.String,java.lang.String)[pri:0, instance:testCases.TC_002_LoginDataDrivenTest@53fb3dab]" started-at="2023-07-28T08:43:01 CEST" name="test_LoginDDT" data-provider="LoginData" finished-at="2023-07-28T08:43:08 CEST" duration-ms="6819" status="PASS">
          <params>
            <param index="0">
              <value>
                <![CDATA[nivya]]>
              </value>
            </param>
            <param index="1">
              <value>
                <![CDATA[jay]]>
              </value>
            </param>
            <param index="2">
              <value>
                <![CDATA[+4591999758]]>
              </value>
            </param>
            <param index="3">
              <value>
                <![CDATA[7267482534]]>
              </value>
            </param>
            <param index="4">
              <value>
                <![CDATA[shwethagk6@gmail.com]]>
              </value>
            </param>
            <param index="5">
              <value>
                <![CDATA[Active]]>
              </value>
            </param>
            <param index="6">
              <value>
                <![CDATA[ramagada,5th street,near temple road]]>
              </value>
            </param>
            <param index="7">
              <value>
                <![CDATA[raichur]]>
              </value>
            </param>
            <param index="8">
              <value>
                <![CDATA[123789]]>
              </value>
            </param>
            <param index="9">
              <value>
                <![CDATA[Kerala]]>
              </value>
            </param>
            <param index="10">
              <value>
                <![CDATA[India]]>
              </value>
            </param>
            <param index="11">
              <value>
                <![CDATA[divya]]>
              </value>
            </param>
            <param index="12">
              <value>
                <![CDATA[jasmin]]>
              </value>
            </param>
            <param index="13">
              <value>
                <![CDATA[+4591718078]]>
              </value>
            </param>
            <param index="14">
              <value>
                <![CDATA[shwethagk6@gmail.com]]>
              </value>
            </param>
            <param index="15">
              <value>
                <![CDATA[AUT_02]]>
              </value>
            </param>
          </params>
          <reporter-output>
          </reporter-output>
        </test-method> <!-- test_LoginDDT -->
        <test-method signature="test_LoginDDT(java.lang.String,java.lang.String,java.lang.String,java.lang.String,java.lang.String,java.lang.String,java.lang.String,java.lang.String,java.lang.String,java.lang.String,java.lang.String,java.lang.String,java.lang.String,java.lang.String,java.lang.String,java.lang.String)[pri:0, instance:testCases.TC_002_LoginDataDrivenTest@53fb3dab]" started-at="2023-07-28T08:43:08 CEST" name="test_LoginDDT" data-provider="LoginData" finished-at="2023-07-28T08:43:15 CEST" duration-ms="6950" status="PASS">
          <params>
            <param index="0">
              <value>
                <![CDATA[nischitha]]>
              </value>
            </param>
            <param index="1">
              <value>
                <![CDATA[kond]]>
              </value>
            </param>
            <param index="2">
              <value>
                <![CDATA[+4591999758]]>
              </value>
            </param>
            <param index="3">
              <value>
                <![CDATA[6589654343]]>
              </value>
            </param>
            <param index="4">
              <value>
                <![CDATA[shwethagk3@gmail.com]]>
              </value>
            </param>
            <param index="5">
              <value>
                <![CDATA[Active]]>
              </value>
            </param>
            <param index="6">
              <value>
                <![CDATA[kohlapur ramanagar,3rd cross]]>
              </value>
            </param>
            <param index="7">
              <value>
                <![CDATA[uttarpradesh]]>
              </value>
            </param>
            <param index="8">
              <value>
                <![CDATA[342134]]>
              </value>
            </param>
            <param index="9">
              <value>
                <![CDATA[Bihar]]>
              </value>
            </param>
            <param index="10">
              <value>
                <![CDATA[India]]>
              </value>
            </param>
            <param index="11">
              <value>
                <![CDATA[mansi]]>
              </value>
            </param>
            <param index="12">
              <value>
                <![CDATA[shetty]]>
              </value>
            </param>
            <param index="13">
              <value>
                <![CDATA[+919916371217]]>
              </value>
            </param>
            <param index="14">
              <value>
                <![CDATA[vinibob28@gmail.com]]>
              </value>
            </param>
            <param index="15">
              <value>
                <![CDATA[AUT_03]]>
              </value>
            </param>
          </params>
          <reporter-output>
          </reporter-output>
        </test-method> <!-- test_LoginDDT -->
      </class> <!-- testCases.TC_002_LoginDataDrivenTest -->
    </test> <!-- Test -->
  </suite> <!-- Suite -->
</testng-results>
